{
  "RSpec": {
    "coverage": {
      "/Users/grangerabuhoff/dev/redit/app/helpers/application_helper.rb": [
        1,
        null
      ],
      "/Users/grangerabuhoff/dev/redit/app/controllers/stories_controller.rb": [
        1,
        null,
        1,
        null,
        null,
        null
      ],
      "/Users/grangerabuhoff/dev/redit/app/controllers/application_controller.rb": [
        1,
        null,
        1,
        null,
        1,
        7,
        null,
        null,
        1,
        6,
        null,
        null,
        1,
        null,
        null
      ],
      "/Users/grangerabuhoff/dev/redit/app/models/user.rb": [
        1,
        null,
        1,
        1,
        null,
        1,
        null,
        null
      ],
      "/Users/grangerabuhoff/dev/redit/app/controllers/users_controller.rb": [
        1,
        null,
        1,
        1,
        null,
        null,
        1,
        1,
        null,
        null,
        null,
        1,
        1,
        null,
        0,
        null,
        null,
        null,
        1,
        2,
        null,
        null,
        null,
        1,
        null,
        1,
        1,
        null,
        null,
        null,
        null
      ],
      "/Users/grangerabuhoff/dev/redit/app/controllers/session_controller.rb": [
        1,
        null,
        1,
        null,
        null,
        1,
        1,
        null,
        1,
        1,
        1,
        null,
        0,
        0,
        null,
        null,
        null,
        null
      ]
    },
    "timestamp": 1393621533
  }
}
