{
  "RSpec": {
    "coverage": {
      "/Users/jennifer/dev/redit/app/helpers/application_helper.rb": [
        1,
        null
      ],
      "/Users/jennifer/dev/redit/app/controllers/stories_controller.rb": [
        1,
        null,
        1,
        null,
        null,
        null
      ],
      "/Users/jennifer/dev/redit/app/controllers/application_controller.rb": [
        1,
        null,
        1,
        null,
        null,
        null
      ],
      "/Users/jennifer/dev/redit/app/controllers/session_controller.rb": [
        1,
        null,
        1,
        null,
        null,
        1,
        null,
        null,
        null
      ],
      "/Users/jennifer/dev/redit/app/controllers/users_controller.rb": [
        1,
        null,
        1,
        1,
        null,
        null,
        1,
        1,
        null,
        null,
        null,
        1,
        1,
        null,
        0,
        null,
        null,
        null,
        1,
        1,
        null,
        null,
        null,
        1,
        null,
        1,
        1,
        null,
        null,
        null,
        null
      ],
      "/Users/jennifer/dev/redit/app/models/user.rb": [
        1,
        null,
        1,
        1,
        null,
        1,
        null,
        null
      ]
    },
    "timestamp": 1393619322
  }
}
